<?xml version="1.0" encoding="UTF-8"?>
<!-- Generated by org.testng.reporters.JUnitReportReporter -->
<testsuite skipped="0" hostname="DESKTOP-044PKM4" name="com.complexNestedJson.SumValidation" tests="1" failures="0" timestamp="03 Nov 2020 13:01:35 GMT" time="3.104" errors="0">
  <testcase name="sumOfCouseEvaluation" time="3.104" classname="com.complexNestedJson.SumValidation"/>
</testsuite> <!-- com.complexNestedJson.SumValidation -->
